<?xml version="1.0" encoding="UTF-8"?>
<!-- Generated by org.testng.reporters.JUnitReportReporter -->
<testsuite hostname="DESKTOP-S4VQME9" failures="0" tests="3" name="testNG.TestNg_Learning.CartManage" time="0.013" errors="0" timestamp="2023-05-31T10:58:48 IST" skipped="0">
  <testcase classname="testNG.TestNg_Learning.CartManage" name="addtocart" time="0.010"/>
  <system-out/>
  <testcase classname="testNG.TestNg_Learning.CartManage" name="removefromCart" time="0.002"/>
  <system-out/>
  <testcase classname="testNG.TestNg_Learning.CartManage" name="editcart" time="0.001"/>
  <system-out/>
</testsuite> <!-- testNG.TestNg_Learning.CartManage -->
