<?xml version="1.0" encoding="UTF-8"?>
<!-- Generated by org.testng.reporters.JUnitReportReporter -->
<testsuite hostname="DESKTOP-S4VQME9" failures="0" tests="4" name="testNG.TestNg_Learning.LoginTestNG" time="0.708" errors="0" timestamp="2023-05-31T11:50:27 IST" skipped="0">
  <testcase classname="testNG.TestNg_Learning.LoginTestNG" name="testLogin" time="0.161"/>
  <system-out/>
  <testcase classname="testNG.TestNg_Learning.LoginTestNG" name="testLogin" time="0.193"/>
  <system-out/>
  <testcase classname="testNG.TestNg_Learning.LoginTestNG" name="testLogin" time="0.195"/>
  <system-out/>
  <testcase classname="testNG.TestNg_Learning.LoginTestNG" name="testLogin" time="0.159"/>
  <system-out/>
</testsuite> <!-- testNG.TestNg_Learning.LoginTestNG -->
