<?xml version="1.0" encoding="UTF-8"?>
<!-- Generated by org.testng.reporters.JUnitReportReporter -->
<testsuite hostname="DESKTOP-S4VQME9" failures="0" tests="2" name="testNG.TestNg_Learning.IndexPage" time="0.002" errors="0" timestamp="2023-05-29T11:03:41 IST" skipped="0">
  <testcase classname="testNG.TestNg_Learning.IndexPage" name="register" time="0.001"/>
  <system-out/>
  <testcase classname="testNG.TestNg_Learning.IndexPage" name="login" time="0.001"/>
  <system-out/>
</testsuite> <!-- testNG.TestNg_Learning.IndexPage -->
