<?xml version="1.0" encoding="UTF-8"?>
<!-- Generated by org.testng.reporters.JUnitReportReporter -->
<testsuite hostname="DESKTOP-S4VQME9" failures="0" tests="3" name="Crossbrowser.CrossBrowserTest" time="11.210" errors="0" timestamp="2023-06-09T10:50:34 IST" skipped="0">
  <testcase classname="Crossbrowser.CrossBrowserTest" name="test" time="2.647"/>
  <system-out/>
  <testcase classname="Crossbrowser.CrossBrowserTest" name="test" time="3.893"/>
  <system-out/>
  <testcase classname="Crossbrowser.CrossBrowserTest" name="test" time="4.670"/>
  <system-out/>
</testsuite> <!-- Crossbrowser.CrossBrowserTest -->
