<?xml version="1.0" encoding="UTF-8"?>
<!-- Generated by org.testng.reporters.JUnitReportReporter -->
<testsuite hostname="DESKTOP-S4VQME9" failures="0" tests="4" name="framework.DataDrivenDemo" time="0.651" errors="0" timestamp="2023-06-09T11:25:45 IST" skipped="0">
  <testcase classname="framework.DataDrivenDemo" name="logintest" time="0.185"/>
  <system-out/>
  <testcase classname="framework.DataDrivenDemo" name="logintest" time="0.155"/>
  <system-out/>
  <testcase classname="framework.DataDrivenDemo" name="logintest" time="0.155"/>
  <system-out/>
  <testcase classname="framework.DataDrivenDemo" name="logintest" time="0.156"/>
  <system-out/>
</testsuite> <!-- framework.DataDrivenDemo -->
