<?xml version="1.0" encoding="UTF-8"?>
<!-- Generated by org.testng.reporters.JUnitReportReporter -->
<testsuite hostname="DESKTOP-S4VQME9" failures="0" tests="1" name="testNG.TestNg_Learning.CartManage" time="0.011" errors="0" timestamp="2023-05-29T11:03:41 IST" skipped="0">
  <testcase classname="testNG.TestNg_Learning.CartManage" name="addtocart" time="0.011"/>
  <system-out/>
</testsuite> <!-- testNG.TestNg_Learning.CartManage -->
