<?xml version="1.0" encoding="UTF-8"?>
<!-- Generated by org.testng.reporters.JUnitReportReporter -->
<testsuite hostname="DESKTOP-S4VQME9" failures="0" tests="3" name="testNG.TestNg_Learning.IndexPage" time="0.008" errors="0" timestamp="2023-05-31T10:58:48 IST" skipped="0">
  <testcase classname="testNG.TestNg_Learning.IndexPage" name="register" time="0.004"/>
  <system-out/>
  <testcase classname="testNG.TestNg_Learning.IndexPage" name="login" time="0.003"/>
  <system-out/>
  <testcase classname="testNG.TestNg_Learning.IndexPage" name="logout" time="0.001"/>
  <system-out/>
</testsuite> <!-- testNG.TestNg_Learning.IndexPage -->
